{"/Users/mobilemike/mobilemike/template/components/AppInitializer.tsx": {"path":"/Users/mobilemike/mobilemike/template/components/AppInitializer.tsx","statementMap":{"0":{"start":{"line":6,"column":40},"end":{"line":14,"column":3}},"1":{"start":{"line":7,"column":21},"end":{"line":7,"column":47}},"2":{"start":{"line":9,"column":4},"end":{"line":11,"column":19}},"3":{"start":{"line":10,"column":6},"end":{"line":10,"column":34}},"4":{"start":{"line":13,"column":4},"end":{"line":13,"column":16}}},"fnMap":{"0":{"name":"(anonymous_0)","decl":{"start":{"line":6,"column":40},"end":{"line":6,"column":41}},"loc":{"start":{"line":6,"column":46},"end":{"line":14,"column":3}},"line":6},"1":{"name":"(anonymous_1)","decl":{"start":{"line":9,"column":14},"end":{"line":9,"column":15}},"loc":{"start":{"line":9,"column":20},"end":{"line":11,"column":5}},"line":9}},"branchMap":{},"s":{"0":1,"1":1,"2":1,"3":1,"4":1},"f":{"0":1,"1":1},"b":{},"_coverageSchema":"1a1c01bbd47fc00a2c39e90264f33305004495a9","hash":"7c6e27164cb3df396a65435e1700a93aacf0692a"}
,"/Users/mobilemike/mobilemike/template/components/EditScreenInfo.tsx": {"path":"/Users/mobilemike/mobilemike/template/components/EditScreenInfo.tsx","statementMap":{"0":{"start":{"line":11,"column":2},"end":{"line":46,"column":4}},"1":{"start":{"line":49,"column":15},"end":{"line":77,"column":2}}},"fnMap":{"0":{"name":"EditScreenInfo","decl":{"start":{"line":10,"column":24},"end":{"line":10,"column":38}},"loc":{"start":{"line":10,"column":67},"end":{"line":47,"column":1}},"line":10}},"branchMap":{},"s":{"0":0,"1":0},"f":{"0":0},"b":{}}
,"/Users/mobilemike/mobilemike/template/components/ExternalLink.tsx": {"path":"/Users/mobilemike/mobilemike/template/components/ExternalLink.tsx","statementMap":{"0":{"start":{"line":9,"column":2},"end":{"line":24,"column":4}},"1":{"start":{"line":16,"column":8},"end":{"line":21,"column":9}},"2":{"start":{"line":18,"column":10},"end":{"line":18,"column":29}},"3":{"start":{"line":20,"column":10},"end":{"line":20,"column":60}}},"fnMap":{"0":{"name":"ExternalLink","decl":{"start":{"line":6,"column":16},"end":{"line":6,"column":28}},"loc":{"start":{"line":8,"column":2},"end":{"line":25,"column":1}},"line":8},"1":{"name":"(anonymous_1)","decl":{"start":{"line":15,"column":15},"end":{"line":15,"column":16}},"loc":{"start":{"line":15,"column":22},"end":{"line":22,"column":7}},"line":15}},"branchMap":{"0":{"loc":{"start":{"line":16,"column":8},"end":{"line":21,"column":9}},"type":"if","locations":[{"start":{"line":16,"column":8},"end":{"line":21,"column":9}},{"start":{},"end":{}}],"line":16}},"s":{"0":0,"1":0,"2":0,"3":0},"f":{"0":0,"1":0},"b":{"0":[0,0]}}
,"/Users/mobilemike/mobilemike/template/components/StyledText.tsx": {"path":"/Users/mobilemike/mobilemike/template/components/StyledText.tsx","statementMap":{"0":{"start":{"line":4,"column":2},"end":{"line":4,"column":80}}},"fnMap":{"0":{"name":"MonoText","decl":{"start":{"line":3,"column":16},"end":{"line":3,"column":24}},"loc":{"start":{"line":3,"column":43},"end":{"line":5,"column":1}},"line":3}},"branchMap":{},"s":{"0":3},"f":{"0":3},"b":{},"_coverageSchema":"1a1c01bbd47fc00a2c39e90264f33305004495a9","hash":"01e88af59c15175936505057858474e4d33f1464"}
,"/Users/mobilemike/mobilemike/template/components/Themed.tsx": {"path":"/Users/mobilemike/mobilemike/template/components/Themed.tsx","statementMap":{"0":{"start":{"line":23,"column":16},"end":{"line":23,"column":43}},"1":{"start":{"line":24,"column":25},"end":{"line":24,"column":37}},"2":{"start":{"line":26,"column":2},"end":{"line":30,"column":3}},"3":{"start":{"line":27,"column":4},"end":{"line":27,"column":26}},"4":{"start":{"line":29,"column":4},"end":{"line":29,"column":36}},"5":{"start":{"line":34,"column":58},"end":{"line":34,"column":63}},"6":{"start":{"line":35,"column":16},"end":{"line":35,"column":77}},"7":{"start":{"line":37,"column":2},"end":{"line":37,"column":95}},"8":{"start":{"line":41,"column":58},"end":{"line":41,"column":63}},"9":{"start":{"line":42,"column":26},"end":{"line":42,"column":93}},"10":{"start":{"line":44,"column":2},"end":{"line":44,"column":78}}},"fnMap":{"0":{"name":"useThemeColor","decl":{"start":{"line":19,"column":16},"end":{"line":19,"column":29}},"loc":{"start":{"line":22,"column":2},"end":{"line":31,"column":1}},"line":22},"1":{"name":"Text","decl":{"start":{"line":33,"column":16},"end":{"line":33,"column":20}},"loc":{"start":{"line":33,"column":39},"end":{"line":38,"column":1}},"line":33},"2":{"name":"View","decl":{"start":{"line":40,"column":16},"end":{"line":40,"column":20}},"loc":{"start":{"line":40,"column":39},"end":{"line":45,"column":1}},"line":40}},"branchMap":{"0":{"loc":{"start":{"line":23,"column":16},"end":{"line":23,"column":43}},"type":"binary-expr","locations":[{"start":{"line":23,"column":16},"end":{"line":23,"column":32}},{"start":{"line":23,"column":36},"end":{"line":23,"column":43}}],"line":23},"1":{"loc":{"start":{"line":26,"column":2},"end":{"line":30,"column":3}},"type":"if","locations":[{"start":{"line":26,"column":2},"end":{"line":30,"column":3}},{"start":{"line":28,"column":9},"end":{"line":30,"column":3}}],"line":26}},"s":{"0":0,"1":0,"2":0,"3":0,"4":0,"5":0,"6":0,"7":0,"8":0,"9":0,"10":0},"f":{"0":0,"1":0,"2":0},"b":{"0":[0,0],"1":[0,0]}}
,"/Users/mobilemike/mobilemike/template/components/useClientOnlyValue.ts": {"path":"/Users/mobilemike/mobilemike/template/components/useClientOnlyValue.ts","statementMap":{"0":{"start":{"line":3,"column":2},"end":{"line":3,"column":16}}},"fnMap":{"0":{"name":"useClientOnlyValue","decl":{"start":{"line":2,"column":16},"end":{"line":2,"column":34}},"loc":{"start":{"line":2,"column":70},"end":{"line":4,"column":1}},"line":2}},"branchMap":{},"s":{"0":0},"f":{"0":0},"b":{}}
,"/Users/mobilemike/mobilemike/template/components/useClientOnlyValue.web.ts": {"path":"/Users/mobilemike/mobilemike/template/components/useClientOnlyValue.web.ts","statementMap":{"0":{"start":{"line":6,"column":28},"end":{"line":6,"column":57}},"1":{"start":{"line":7,"column":2},"end":{"line":9,"column":15}},"2":{"start":{"line":8,"column":4},"end":{"line":8,"column":21}},"3":{"start":{"line":11,"column":2},"end":{"line":11,"column":15}}},"fnMap":{"0":{"name":"useClientOnlyValue","decl":{"start":{"line":5,"column":16},"end":{"line":5,"column":34}},"loc":{"start":{"line":5,"column":70},"end":{"line":12,"column":1}},"line":5},"1":{"name":"(anonymous_1)","decl":{"start":{"line":7,"column":18},"end":{"line":7,"column":19}},"loc":{"start":{"line":7,"column":24},"end":{"line":9,"column":3}},"line":7}},"branchMap":{},"s":{"0":0,"1":0,"2":0,"3":0},"f":{"0":0,"1":0},"b":{}}
,"/Users/mobilemike/mobilemike/template/components/useColorScheme.ts": {"path":"/Users/mobilemike/mobilemike/template/components/useColorScheme.ts","statementMap":{},"fnMap":{},"branchMap":{},"s":{},"f":{},"b":{}}
,"/Users/mobilemike/mobilemike/template/components/useColorScheme.web.ts": {"path":"/Users/mobilemike/mobilemike/template/components/useColorScheme.web.ts","statementMap":{"0":{"start":{"line":7,"column":2},"end":{"line":7,"column":17}}},"fnMap":{"0":{"name":"useColorScheme","decl":{"start":{"line":6,"column":16},"end":{"line":6,"column":30}},"loc":{"start":{"line":6,"column":33},"end":{"line":8,"column":1}},"line":6}},"branchMap":{},"s":{"0":0},"f":{"0":0},"b":{}}
,"/Users/mobilemike/mobilemike/template/components/settings/SettingsCard.tsx": {"path":"/Users/mobilemike/mobilemike/template/components/settings/SettingsCard.tsx","statementMap":{"0":{"start":{"line":15,"column":50},"end":{"line":76,"column":1}},"1":{"start":{"line":24,"column":17},"end":{"line":24,"column":42}},"2":{"start":{"line":25,"column":16},"end":{"line":25,"column":41}},"3":{"start":{"line":27,"column":20},"end":{"line":27,"column":58}},"4":{"start":{"line":28,"column":22},"end":{"line":28,"column":59}},"5":{"start":{"line":30,"column":2},"end":{"line":45,"column":38}},"6":{"start":{"line":31,"column":4},"end":{"line":44,"column":15}},"7":{"start":{"line":47,"column":2},"end":{"line":75,"column":4}},"8":{"start":{"line":80,"column":15},"end":{"line":109,"column":2}}},"fnMap":{"0":{"name":"(anonymous_0)","decl":{"start":{"line":15,"column":50},"end":{"line":15,"column":51}},"loc":{"start":{"line":23,"column":6},"end":{"line":76,"column":1}},"line":23},"1":{"name":"(anonymous_1)","decl":{"start":{"line":30,"column":12},"end":{"line":30,"column":13}},"loc":{"start":{"line":30,"column":18},"end":{"line":45,"column":3}},"line":30}},"branchMap":{"0":{"loc":{"start":{"line":22,"column":2},"end":{"line":22,"column":11}},"type":"default-arg","locations":[{"start":{"line":22,"column":10},"end":{"line":22,"column":11}}],"line":22},"1":{"loc":{"start":{"line":60,"column":9},"end":{"line":62,"column":9}},"type":"binary-expr","locations":[{"start":{"line":60,"column":9},"end":{"line":60,"column":28}},{"start":{"line":61,"column":10},"end":{"line":61,"column":64}}],"line":60},"2":{"loc":{"start":{"line":63,"column":9},"end":{"line":63,"column":56}},"type":"binary-expr","locations":[{"start":{"line":63,"column":9},"end":{"line":63,"column":13}},{"start":{"line":63,"column":17},"end":{"line":63,"column":56}}],"line":63},"3":{"loc":{"start":{"line":64,"column":9},"end":{"line":72,"column":9}},"type":"binary-expr","locations":[{"start":{"line":64,"column":9},"end":{"line":64,"column":19}},{"start":{"line":65,"column":10},"end":{"line":71,"column":12}}],"line":64},"4":{"loc":{"start":{"line":70,"column":24},"end":{"line":70,"column":53}},"type":"cond-expr","locations":[{"start":{"line":70,"column":38},"end":{"line":70,"column":44}},{"start":{"line":70,"column":47},"end":{"line":70,"column":53}}],"line":70}},"s":{"0":1,"1":2,"2":2,"3":2,"4":2,"5":2,"6":2,"7":2,"8":1},"f":{"0":2,"1":2},"b":{"0":[2],"1":[2,1],"2":[2,0],"3":[2,0],"4":[0,0]},"_coverageSchema":"1a1c01bbd47fc00a2c39e90264f33305004495a9","hash":"3b4520cd3cd517c106361d5d95fc4999a0d6168c"}
,"/Users/mobilemike/mobilemike/template/components/ui/Header.tsx": {"path":"/Users/mobilemike/mobilemike/template/components/ui/Header.tsx","statementMap":{"0":{"start":{"line":7,"column":22},"end":{"line":19,"column":1}},"1":{"start":{"line":8,"column":16},"end":{"line":8,"column":41}},"2":{"start":{"line":10,"column":2},"end":{"line":18,"column":4}},"3":{"start":{"line":21,"column":15},"end":{"line":28,"column":2}}},"fnMap":{"0":{"name":"(anonymous_0)","decl":{"start":{"line":7,"column":22},"end":{"line":7,"column":23}},"loc":{"start":{"line":7,"column":28},"end":{"line":19,"column":1}},"line":7}},"branchMap":{},"s":{"0":1,"1":1,"2":1,"3":1},"f":{"0":1},"b":{},"_coverageSchema":"1a1c01bbd47fc00a2c39e90264f33305004495a9","hash":"960ea889f836be93e0f5fc701bf50d93269db0ae"}
}
