TN:
SF:components/AppInitializer.tsx
FN:6,(anonymous_0)
FN:9,(anonymous_1)
FNF:2
FNH:2
FNDA:1,(anonymous_0)
FNDA:1,(anonymous_1)
DA:6,1
DA:7,1
DA:9,1
DA:10,1
DA:13,1
LF:5
LH:5
BRF:0
BRH:0
end_of_record
TN:
SF:components/EditScreenInfo.tsx
FN:10,EditScreenInfo
FNF:1
FNH:0
FNDA:0,EditScreenInfo
DA:11,0
DA:49,0
LF:2
LH:0
BRF:0
BRH:0
end_of_record
TN:
SF:components/ExternalLink.tsx
FN:6,ExternalLink
FN:15,(anonymous_1)
FNF:2
FNH:0
FNDA:0,ExternalLink
FNDA:0,(anonymous_1)
DA:9,0
DA:16,0
DA:18,0
DA:20,0
LF:4
LH:0
BRDA:16,0,0,0
BRDA:16,0,1,0
BRF:2
BRH:0
end_of_record
TN:
SF:components/StyledText.tsx
FN:3,MonoText
FNF:1
FNH:1
FNDA:3,MonoText
DA:4,3
LF:1
LH:1
BRF:0
BRH:0
end_of_record
TN:
SF:components/Themed.tsx
FN:19,useThemeColor
FN:33,Text
FN:40,View
FNF:3
FNH:0
FNDA:0,useThemeColor
FNDA:0,Text
FNDA:0,View
DA:23,0
DA:24,0
DA:26,0
DA:27,0
DA:29,0
DA:34,0
DA:35,0
DA:37,0
DA:41,0
DA:42,0
DA:44,0
LF:11
LH:0
BRDA:23,0,0,0
BRDA:23,0,1,0
BRDA:26,1,0,0
BRDA:26,1,1,0
BRF:4
BRH:0
end_of_record
TN:
SF:components/useClientOnlyValue.ts
FN:2,useClientOnlyValue
FNF:1
FNH:0
FNDA:0,useClientOnlyValue
DA:3,0
LF:1
LH:0
BRF:0
BRH:0
end_of_record
TN:
SF:components/useClientOnlyValue.web.ts
FN:5,useClientOnlyValue
FN:7,(anonymous_1)
FNF:2
FNH:0
FNDA:0,useClientOnlyValue
FNDA:0,(anonymous_1)
DA:6,0
DA:7,0
DA:8,0
DA:11,0
LF:4
LH:0
BRF:0
BRH:0
end_of_record
TN:
SF:components/useColorScheme.ts
FNF:0
FNH:0
LF:0
LH:0
BRF:0
BRH:0
end_of_record
TN:
SF:components/useColorScheme.web.ts
FN:6,useColorScheme
FNF:1
FNH:0
FNDA:0,useColorScheme
DA:7,0
LF:1
LH:0
BRF:0
BRH:0
end_of_record
TN:
SF:components/settings/SettingsCard.tsx
FN:15,(anonymous_0)
FN:30,(anonymous_1)
FNF:2
FNH:2
FNDA:2,(anonymous_0)
FNDA:2,(anonymous_1)
DA:15,1
DA:24,2
DA:25,2
DA:27,2
DA:28,2
DA:30,2
DA:31,2
DA:47,2
DA:80,1
LF:9
LH:9
BRDA:22,0,0,2
BRDA:60,1,0,2
BRDA:60,1,1,1
BRDA:63,2,0,2
BRDA:63,2,1,0
BRDA:64,3,0,2
BRDA:64,3,1,0
BRDA:70,4,0,0
BRDA:70,4,1,0
BRF:9
BRH:5
end_of_record
TN:
SF:components/ui/Header.tsx
FN:7,(anonymous_0)
FNF:1
FNH:1
FNDA:1,(anonymous_0)
DA:7,1
DA:8,1
DA:10,1
DA:21,1
LF:4
LH:4
BRF:0
BRH:0
end_of_record
